<?xml version="1.0" encoding="UTF-8"?>
<!-- Generated by org.testng.reporters.JUnitReportReporter -->
<testsuite skipped="0" hostname="ip-172-31-81-14" name="myseleniumScripts.Script1" tests="1" failures="0" timestamp="03 Mar 2022 02:39:30 GMT" time="1.811" errors="0">
  <testcase name="testcase1" time="1.811" classname="myseleniumScripts.Script1"/>
</testsuite> <!-- myseleniumScripts.Script1 -->
